<?xml version="1.0" encoding="UTF-8"?>
<testng-results skipped="0" failed="0" ignored="0" total="1" passed="1">
  <reporter-output>
  </reporter-output>
  <suite name="Default suite" duration-ms="28925" started-at="2021-07-20T23:52:06 IST" finished-at="2021-07-20T23:52:35 IST">
    <groups>
    </groups>
    <test name="Default test" duration-ms="28925" started-at="2021-07-20T23:52:06 IST" finished-at="2021-07-20T23:52:35 IST">
      <class name="com.app.scripts.TC001_Positive_LoginScript">
        <test-method status="PASS" signature="setUp()[pri:0, instance:com.app.scripts.TC001_Positive_LoginScript@704a52ec]" name="setUp" is-config="true" duration-ms="18534" started-at="2021-07-20T23:52:06 IST" finished-at="2021-07-20T23:52:24 IST">
          <reporter-output>
          </reporter-output>
        </test-method> <!-- setUp -->
        <test-method status="PASS" signature="LoginPositiveTest(java.lang.reflect.Method)[pri:0, instance:com.app.scripts.TC001_Positive_LoginScript@704a52ec]" name="LoginPositiveTest" duration-ms="9372" started-at="2021-07-20T23:52:24 IST" finished-at="2021-07-20T23:52:34 IST">
          <params>
            <param index="0">
              <value>
                <![CDATA[public void com.app.scripts.TC001_Positive_LoginScript.LoginPositiveTest(java.lang.reflect.Method) throws java.lang.InterruptedException]]>
              </value>
            </param>
          </params>
          <reporter-output>
          </reporter-output>
        </test-method> <!-- LoginPositiveTest -->
        <test-method status="PASS" signature="tearDowm()[pri:0, instance:com.app.scripts.TC001_Positive_LoginScript@704a52ec]" name="tearDowm" is-config="true" duration-ms="984" started-at="2021-07-20T23:52:34 IST" finished-at="2021-07-20T23:52:35 IST">
          <reporter-output>
          </reporter-output>
        </test-method> <!-- tearDowm -->
      </class> <!-- com.app.scripts.TC001_Positive_LoginScript -->
    </test> <!-- Default test -->
  </suite> <!-- Default suite -->
</testng-results>
